{"/Users/haley/Desktop/front-end-notes/15 - Jest测试/array.js": {"path":"/Users/haley/Desktop/front-end-notes/15 - Jest测试/array.js","statementMap":{"0":{"start":{"line":2,"column":4},"end":{"line":2,"column":21}},"1":{"start":{"line":5,"column":0},"end":{"line":5,"column":27}}},"fnMap":{"0":{"name":"cloneArray","decl":{"start":{"line":1,"column":9},"end":{"line":1,"column":19}},"loc":{"start":{"line":1,"column":26},"end":{"line":3,"column":1}},"line":1}},"branchMap":{},"s":{"0":1,"1":1},"f":{"0":1},"b":{},"_coverageSchema":"1a1c01bbd47fc00a2c39e90264f33305004495a9","hash":"a80eb3aadcfaac32218b28badd9900c05ba3a01c"}
,"/Users/haley/Desktop/front-end-notes/15 - Jest测试/subtract.js": {"path":"/Users/haley/Desktop/front-end-notes/15 - Jest测试/subtract.js","statementMap":{"0":{"start":{"line":2,"column":4},"end":{"line":2,"column":16}},"1":{"start":{"line":6,"column":3},"end":{"line":6,"column":25}},"2":{"start":{"line":9,"column":1},"end":{"line":9,"column":27}}},"fnMap":{"0":{"name":"subtract","decl":{"start":{"line":1,"column":10},"end":{"line":1,"column":18}},"loc":{"start":{"line":1,"column":23},"end":{"line":3,"column":2}},"line":1},"1":{"name":"helper","decl":{"start":{"line":5,"column":10},"end":{"line":5,"column":16}},"loc":{"start":{"line":5,"column":18},"end":{"line":7,"column":2}},"line":5}},"branchMap":{},"s":{"0":1,"1":0,"2":1},"f":{"0":1,"1":0},"b":{},"_coverageSchema":"1a1c01bbd47fc00a2c39e90264f33305004495a9","hash":"def0de81169f7611f57c6a81279aa2b055271fe8"}
,"/Users/haley/Desktop/front-end-notes/15 - Jest测试/sum.js": {"path":"/Users/haley/Desktop/front-end-notes/15 - Jest测试/sum.js","statementMap":{"0":{"start":{"line":2,"column":4},"end":{"line":2,"column":16}},"1":{"start":{"line":5,"column":1},"end":{"line":5,"column":22}}},"fnMap":{"0":{"name":"sum","decl":{"start":{"line":1,"column":10},"end":{"line":1,"column":13}},"loc":{"start":{"line":1,"column":18},"end":{"line":3,"column":2}},"line":1}},"branchMap":{},"s":{"0":1,"1":1},"f":{"0":1},"b":{},"_coverageSchema":"1a1c01bbd47fc00a2c39e90264f33305004495a9","hash":"e184868990deff1303b0ad75aaa901b76fdccc7b"}
}
